[INFO ] 2023-09-05 16:20:13.577 [Thread-0] ConnectionHandler - InetAddress : DESKTOP-OCNPFLI/192.168.56.1
[INFO ] 2023-09-05 16:20:26.310 [Thread-0] ConnectionHandler - Connection received from DESKTOP-OCNPFLI : 57722
[INFO ] 2023-09-05 16:20:26.458 [Thread-1] ConnectionHandler - Username accepted: dima
[ERROR] 2023-09-05 16:20:53.011 [Thread-1] ConnectionHandler - Socket was closed. U successful exit from client!
java.net.SocketException: Socket closed
	at java.net.SocketInputStream.socketRead0(Native Method) ~[?:?]
	at java.net.SocketInputStream.socketRead(SocketInputStream.java:115) ~[?:?]
	at java.net.SocketInputStream.read(SocketInputStream.java:168) ~[?:?]
	at java.net.SocketInputStream.read(SocketInputStream.java:140) ~[?:?]
	at sun.nio.cs.StreamDecoder.readBytes(StreamDecoder.java:284) ~[?:?]
	at sun.nio.cs.StreamDecoder.implRead(StreamDecoder.java:326) ~[?:?]
	at sun.nio.cs.StreamDecoder.read(StreamDecoder.java:178) ~[?:?]
	at java.io.InputStreamReader.read(InputStreamReader.java:181) ~[?:?]
	at java.io.BufferedReader.fill(BufferedReader.java:161) ~[?:?]
	at java.io.BufferedReader.readLine(BufferedReader.java:326) ~[?:?]
	at java.io.BufferedReader.readLine(BufferedReader.java:392) ~[?:?]
	at ua.desktop.chat.messenger.domain.ClientHandler.run(ClientHandler.java:57) [classes/:?]
	at java.lang.Thread.run(Thread.java:829) [?:?]
[INFO ] 2023-09-05 16:21:52.682 [Thread-0] ConnectionHandler - InetAddress : DESKTOP-OCNPFLI/192.168.56.1
[INFO ] 2023-09-05 16:22:02.259 [Thread-0] ConnectionHandler - Connection received from DESKTOP-OCNPFLI : 57754
[INFO ] 2023-09-05 16:22:02.356 [Thread-1] ConnectionHandler - Username accepted: dd
[WARN ] 2023-09-05 16:22:02.359 [Thread-1] ConnectionHandler - Socket was closed. U successful exit from client!
[INFO ] 2023-09-05 16:41:53.031 [Thread-0] ConnectionHandler - InetAddress : DESKTOP-OCNPFLI/192.168.56.1
[INFO ] 2023-09-05 16:42:30.595 [Thread-0] ConnectionHandler - InetAddress : DESKTOP-OCNPFLI/192.168.56.1
[INFO ] 2023-09-05 16:42:40.488 [Thread-0] ConnectionHandler - Connection received from DESKTOP-OCNPFLI : 58193
[INFO ] 2023-09-05 16:42:40.608 [Thread-1] ConnectionHandler - Username accepted: ddd
[WARN ] 2023-09-05 16:42:56.207 [Thread-1] ConnectionHandler - Socket was closed. U successful exit from client!
[INFO ] 2023-09-05 17:03:17.273 [Thread-0] ConnectionHandler - InetAddress : DESKTOP-OCNPFLI/192.168.56.1
[INFO ] 2023-09-05 17:03:29.635 [Thread-0] ConnectionHandler - Connection received from DESKTOP-OCNPFLI : 58412
[INFO ] 2023-09-05 17:03:29.737 [Thread-1] ConnectionHandler - Username accepted: dima
[INFO ] 2023-09-05 17:04:16.699 [Thread-0] ConnectionHandler - Connection received from DESKTOP-OCNPFLI : 58430
[INFO ] 2023-09-05 17:04:16.702 [Thread-2] ConnectionHandler - Username accepted: ee
[INFO ] 2023-09-05 17:04:16.704 [Thread-2] ConnectionHandler - SENDER / GLOBAL
[INFO ] 2023-09-05 17:04:16.715 [Thread-2] ConnectionHandler - userName:  ee, message: ss
[INFO ] 2023-09-05 17:05:08.996 [Thread-0] ConnectionHandler - Connection received from DESKTOP-OCNPFLI : 58453
[INFO ] 2023-09-05 17:05:08.999 [Thread-3] ConnectionHandler - Username accepted: fack
[INFO ] 2023-09-05 17:05:09.001 [Thread-3] ConnectionHandler - SENDER / GLOBAL
[INFO ] 2023-09-05 17:05:09.004 [Thread-3] ConnectionHandler - userName:  fack, message: ss
[INFO ] 2023-09-05 17:06:27.779 [Thread-0] ConnectionHandler - InetAddress : DESKTOP-OCNPFLI/192.168.56.1
[INFO ] 2023-09-05 17:06:37.528 [Thread-0] ConnectionHandler - Connection received from DESKTOP-OCNPFLI : 58478
[INFO ] 2023-09-05 17:06:37.605 [Thread-1] ConnectionHandler - Username accepted: dima
[INFO ] 2023-09-05 17:06:48.554 [Thread-0] ConnectionHandler - Connection received from DESKTOP-OCNPFLI : 58485
[INFO ] 2023-09-05 17:06:48.557 [Thread-2] ConnectionHandler - Username accepted: sss
[INFO ] 2023-09-05 17:06:48.559 [Thread-2] ConnectionHandler - SENDER / GLOBAL
[INFO ] 2023-09-05 17:06:48.572 [Thread-2] ConnectionHandler - userName:  sss, message: sss
[INFO ] 2023-09-05 17:06:51.624 [Thread-2] ConnectionHandler - SENDER / dima
[INFO ] 2023-09-05 17:06:51.627 [Thread-2] ConnectionHandler - userName:  sss, message: sss
[WARN ] 2023-09-05 17:06:59.724 [Thread-2] ConnectionHandler - Socket was closed. U successful exit from client!
[WARN ] 2023-09-05 17:07:00.014 [Thread-1] ConnectionHandler - Socket was closed. U successful exit from client!
[INFO ] 2023-09-05 18:01:08.457 [Thread-0] ConnectionHandler - InetAddress : DESKTOP-OCNPFLI/192.168.56.1
[INFO ] 2023-09-05 18:01:20.926 [Thread-0] ConnectionHandler - Connection received from DESKTOP-OCNPFLI : 58963
[INFO ] 2023-09-05 18:01:21.026 [Thread-1] ConnectionHandler - Username accepted: dima
[INFO ] 2023-09-05 18:01:36.796 [Thread-0] ConnectionHandler - Connection received from DESKTOP-OCNPFLI : 58969
[INFO ] 2023-09-05 18:01:36.799 [Thread-2] ConnectionHandler - Username accepted: eee
[INFO ] 2023-09-05 18:01:37.524 [Thread-2] ConnectionHandler - SENDER / GLOBAL
[INFO ] 2023-09-05 18:01:37.540 [Thread-2] ConnectionHandler - userName:  eee, message: eee
[INFO ] 2023-09-05 18:01:40.591 [Thread-2] ConnectionHandler - SENDER / GLOBAL
[INFO ] 2023-09-05 18:01:40.594 [Thread-2] ConnectionHandler - userName:  eee, message: eeffeefeefefe
[WARN ] 2023-09-05 18:01:42.186 [Thread-2] ConnectionHandler - Socket was closed. U successful exit from client!
[WARN ] 2023-09-05 18:01:43.644 [Thread-1] ConnectionHandler - Socket was closed. U successful exit from client!
[INFO ] 2023-09-05 18:13:48.296 [Thread-0] ConnectionHandler - InetAddress : DESKTOP-OCNPFLI/192.168.56.1
[INFO ] 2023-09-05 18:13:57.658 [Thread-0] ConnectionHandler - Connection received from DESKTOP-OCNPFLI : 59075
[INFO ] 2023-09-05 18:13:57.747 [Thread-1] ConnectionHandler - Username accepted: ddd
[WARN ] 2023-09-05 18:14:05.142 [Thread-1] ConnectionHandler - Socket was closed. U successful exit from client!
[INFO ] 2023-09-05 18:14:49.811 [Thread-0] ConnectionHandler - InetAddress : DESKTOP-OCNPFLI/192.168.56.1
[INFO ] 2023-09-05 18:15:00.584 [Thread-0] ConnectionHandler - Connection received from DESKTOP-OCNPFLI : 59108
[INFO ] 2023-09-05 18:15:00.670 [Thread-1] ConnectionHandler - Username accepted: ww
[INFO ] 2023-09-05 18:15:14.957 [Thread-0] ConnectionHandler - Connection received from DESKTOP-OCNPFLI : 59116
[INFO ] 2023-09-05 18:15:14.959 [Thread-2] ConnectionHandler - Username accepted: wdwdw
[INFO ] 2023-09-05 18:15:14.961 [Thread-2] ConnectionHandler - SENDER / GLOBAL
[INFO ] 2023-09-05 18:15:14.974 [Thread-2] ConnectionHandler - userName:  wdwdw, message: dwdwdwwd
[INFO ] 2023-09-05 18:15:26.448 [Thread-1] ConnectionHandler - SENDER / wdwdw
[INFO ] 2023-09-05 18:15:26.451 [Thread-1] ConnectionHandler - userName:  ww, message: wdw
[INFO ] 2023-09-05 18:15:29.648 [Thread-2] ConnectionHandler - SENDER / ww
[INFO ] 2023-09-05 18:15:29.652 [Thread-2] ConnectionHandler - userName:  wdwdw, message: dwwww
[WARN ] 2023-09-05 18:15:30.928 [Thread-2] ConnectionHandler - Socket was closed. U successful exit from client!
[WARN ] 2023-09-05 18:15:31.747 [Thread-1] ConnectionHandler - Socket was closed. U successful exit from client!
[INFO ] 2023-09-05 18:38:13.682 [Thread-0] ConnectionHandler - InetAddress : DESKTOP-OCNPFLI/192.168.56.1
[INFO ] 2023-09-05 18:38:32.031 [Thread-0] ConnectionHandler - Connection received from DESKTOP-OCNPFLI : 59281
[INFO ] 2023-09-05 18:38:32.122 [Thread-1] ConnectionHandler - Username accepted: dimon
[INFO ] 2023-09-05 18:38:42.958 [Thread-0] ConnectionHandler - Connection received from DESKTOP-OCNPFLI : 59288
[INFO ] 2023-09-05 18:38:42.961 [Thread-2] ConnectionHandler - Username accepted: dwdwd
[INFO ] 2023-09-05 18:38:42.963 [Thread-2] ConnectionHandler - SENDER / GLOBAL
[INFO ] 2023-09-05 18:38:42.976 [Thread-2] ConnectionHandler - userName:  dwdwd, message: wdwd
[INFO ] 2023-09-05 18:38:47.181 [Thread-1] ConnectionHandler - SENDER / GLOBAL
[INFO ] 2023-09-05 18:38:47.183 [Thread-1] ConnectionHandler - userName:  dimon, message: dwdw
[INFO ] 2023-09-05 18:38:48.440 [Thread-1] ConnectionHandler - SENDER / GLOBAL
[INFO ] 2023-09-05 18:38:48.442 [Thread-1] ConnectionHandler - userName:  dimon, message: wdwdw
[WARN ] 2023-09-05 18:38:51.695 [Thread-1] ConnectionHandler - Socket was closed. U successful exit from client!
[WARN ] 2023-09-05 18:38:52.390 [Thread-2] ConnectionHandler - Socket was closed. U successful exit from client!
[INFO ] 2023-09-05 18:49:57.508 [AWT-EventQueue-0] Client - Connected
[INFO ] 2023-09-05 18:49:57.677 [Thread-1] Client - Open chat!
[INFO ] 2023-09-05 18:50:02.080 [Thread-0] ConnectionHandler - Connection received from DESKTOP-OCNPFLI : 59357
[INFO ] 2023-09-05 18:50:02.104 [Thread-3] ConnectionHandler - Username accepted: ww
[INFO ] 2023-09-05 18:50:02.943 [AWT-EventQueue-0] Client - Connected
[INFO ] 2023-09-05 18:50:03.096 [Thread-1] Client - Open chat!
[INFO ] 2023-09-05 18:50:07.471 [Thread-0] ConnectionHandler - Connection received from DESKTOP-OCNPFLI : 59363
[INFO ] 2023-09-05 18:50:07.481 [Thread-4] ConnectionHandler - Username accepted: wwwww
[INFO ] 2023-09-05 18:50:07.484 [Thread-4] ConnectionHandler - SENDER / GLOBAL
[INFO ] 2023-09-05 18:50:07.489 [Thread-4] ConnectionHandler - userName:  wwwww, message: ww
[INFO ] 2023-09-05 18:50:14.904 [Thread-3] ConnectionHandler - SENDER / GLOBAL
[INFO ] 2023-09-05 18:50:14.907 [Thread-3] ConnectionHandler - userName:  ww, message: wwww
[INFO ] 2023-09-05 18:50:18.039 [Thread-4] ConnectionHandler - SENDER / GLOBAL
[INFO ] 2023-09-05 18:50:18.047 [Thread-4] ConnectionHandler - userName:  wwwww, message: wwwwwww
[INFO ] 2023-09-05 18:50:46.145 [Thread-4] ConnectionHandler - SENDER / GLOBAL
[INFO ] 2023-09-05 18:50:46.148 [Thread-4] ConnectionHandler - userName:  wwwww, message: wwwwwwwwwwwwwwwwwwwwwwwwwwww
[INFO ] 2023-09-05 18:50:49.679 [Thread-3] ConnectionHandler - SENDER / GLOBAL
[INFO ] 2023-09-05 18:50:49.682 [Thread-3] ConnectionHandler - userName:  ww, message: wwwww
[INFO ] 2023-09-05 18:50:52.084 [Thread-3] ConnectionHandler - SENDER / GLOBAL
[INFO ] 2023-09-05 18:50:52.086 [Thread-3] ConnectionHandler - userName:  ww, message: ww
[INFO ] 2023-09-05 18:50:55.760 [Thread-4] ConnectionHandler - SENDER / GLOBAL
[INFO ] 2023-09-05 18:50:55.761 [Thread-4] ConnectionHandler - userName:  wwwww, message: wddwdwdwdwdwdw
[INFO ] 2023-09-05 18:52:23.576 [Thread-0] ConnectionHandler - InetAddress : DESKTOP-OCNPFLI/192.168.56.1
[INFO ] 2023-09-05 18:52:30.593 [AWT-EventQueue-0] Client - Connected
[INFO ] 2023-09-05 18:52:30.806 [Thread-1] Client - Open chat!
[INFO ] 2023-09-05 18:52:34.963 [AWT-EventQueue-0] Client - Connected
[INFO ] 2023-09-05 18:52:35.122 [Thread-1] Client - Open chat!
[INFO ] 2023-09-05 18:52:35.159 [Thread-0] ConnectionHandler - Connection received from DESKTOP-OCNPFLI : 59390
[INFO ] 2023-09-05 18:52:35.356 [Thread-1] ConnectionHandler - Username accepted: dd
[INFO ] 2023-09-05 18:52:39.708 [Thread-0] ConnectionHandler - Connection received from DESKTOP-OCNPFLI : 59394
[INFO ] 2023-09-05 18:52:39.711 [Thread-2] ConnectionHandler - Username accepted: ss
[INFO ] 2023-09-05 18:52:40.188 [Thread-2] ConnectionHandler - SENDER / GLOBAL
[INFO ] 2023-09-05 18:52:40.201 [Thread-2] ConnectionHandler - userName:  ss, message: wwww
[INFO ] 2023-09-05 18:52:46.240 [Thread-1] ConnectionHandler - SENDER / GLOBAL
[INFO ] 2023-09-05 18:52:46.242 [Thread-1] ConnectionHandler - userName:  dd, message: wwwwwwwwwwwwwwwwwwwwwww
[INFO ] 2023-09-05 18:52:48.536 [Thread-2] ConnectionHandler - SENDER / GLOBAL
[INFO ] 2023-09-05 18:52:48.538 [Thread-2] ConnectionHandler - userName:  ss, message: ww
[INFO ] 2023-09-05 18:52:51.665 [Thread-1] ConnectionHandler - SENDER / GLOBAL
[INFO ] 2023-09-05 18:52:51.667 [Thread-1] ConnectionHandler - userName:  dd, message: xwxwxw
[INFO ] 2023-09-05 18:52:54.046 [Thread-2] ConnectionHandler - SENDER / GLOBAL
[INFO ] 2023-09-05 18:52:54.048 [Thread-2] ConnectionHandler - userName:  ss, message: wwwww
[INFO ] 2023-09-05 19:40:16.666 [Thread-0] ConnectionHandler - InetAddress : DESKTOP-OCNPFLI/192.168.56.1
[INFO ] 2023-09-05 19:40:23.799 [AWT-EventQueue-0] Client - Connected
[INFO ] 2023-09-05 19:40:23.934 [Thread-1] Client - Open chat!
[INFO ] 2023-09-05 19:40:28.328 [Thread-0] ConnectionHandler - Connection received from DESKTOP-OCNPFLI : 60074
[INFO ] 2023-09-05 19:40:28.425 [Thread-1] ConnectionHandler - Username accepted: dima
[INFO ] 2023-09-05 19:41:23.078 [AWT-EventQueue-0] Client - Connected
[INFO ] 2023-09-05 19:41:23.196 [Thread-1] Client - Open chat!
[INFO ] 2023-09-05 19:41:27.608 [Thread-0] ConnectionHandler - Connection received from DESKTOP-OCNPFLI : 60086
[INFO ] 2023-09-05 19:41:27.610 [Thread-2] ConnectionHandler - Username accepted: fff
[INFO ] 2023-09-05 19:41:27.612 [Thread-2] ConnectionHandler - SENDER / GLOBAL
[INFO ] 2023-09-05 19:41:27.627 [Thread-2] ConnectionHandler - userName:  fff, message: wwwwwwwww
[INFO ] 2023-09-05 19:41:29.357 [Thread-2] ConnectionHandler - SENDER / GLOBAL
[INFO ] 2023-09-05 19:41:29.360 [Thread-2] ConnectionHandler - userName:  fff, message: www
[INFO ] 2023-09-05 19:45:54.019 [Thread-0] ConnectionHandler - InetAddress : DESKTOP-OCNPFLI/192.168.56.1
[INFO ] 2023-09-05 19:46:01.150 [AWT-EventQueue-0] Client - Connected
[INFO ] 2023-09-05 19:46:01.265 [Thread-1] Client - Open chat!
[INFO ] 2023-09-05 19:46:05.683 [Thread-0] ConnectionHandler - Connection received from DESKTOP-OCNPFLI : 60126
[INFO ] 2023-09-05 19:46:05.784 [Thread-1] ConnectionHandler - Username accepted: dima
[INFO ] 2023-09-05 19:48:04.534 [Thread-0] ConnectionHandler - InetAddress : DESKTOP-OCNPFLI/192.168.56.1
[INFO ] 2023-09-05 19:48:10.627 [AWT-EventQueue-0] Client - Connected
[INFO ] 2023-09-05 19:48:10.740 [Thread-1] Client - Open chat!
[INFO ] 2023-09-05 19:48:15.154 [Thread-0] ConnectionHandler - Connection received from DESKTOP-OCNPFLI : 60164
[INFO ] 2023-09-05 19:48:15.246 [Thread-1] ConnectionHandler - Username accepted: ddd
[INFO ] 2023-09-05 19:49:16.760 [Thread-0] ConnectionHandler - InetAddress : DESKTOP-OCNPFLI/192.168.56.1
[INFO ] 2023-09-05 19:49:21.936 [AWT-EventQueue-0] Client - Connected
[INFO ] 2023-09-05 19:49:22.057 [Thread-1] Client - Open chat!
[INFO ] 2023-09-05 19:49:26.473 [Thread-0] ConnectionHandler - Connection received from DESKTOP-OCNPFLI : 60179
[INFO ] 2023-09-05 19:49:26.551 [Thread-1] ConnectionHandler - Username accepted: ddd
[INFO ] 2023-09-05 19:49:59.322 [Thread-0] ConnectionHandler - InetAddress : DESKTOP-OCNPFLI/192.168.56.1
[INFO ] 2023-09-05 19:50:04.984 [AWT-EventQueue-0] Client - Connected
[INFO ] 2023-09-05 19:50:05.610 [Thread-1] Client - Open chat!
[INFO ] 2023-09-05 19:50:09.535 [Thread-0] ConnectionHandler - Connection received from DESKTOP-OCNPFLI : 60193
[INFO ] 2023-09-05 19:50:09.618 [Thread-1] ConnectionHandler - Username accepted: www
[INFO ] 2023-09-05 19:50:09.621 [Thread-0] CommunicationHandler - response: /USERS
[INFO ] 2023-09-05 19:50:16.829 [Thread-0] CommunicationHandler - response: /M
[WARN ] 2023-09-05 19:50:27.840 [Thread-1] ConnectionHandler - Socket was closed. U successful exit from client!
[INFO ] 2023-09-05 19:51:05.153 [Thread-0] ConnectionHandler - InetAddress : DESKTOP-OCNPFLI/192.168.56.1
[INFO ] 2023-09-05 19:51:10.177 [AWT-EventQueue-0] Client - Connected
[INFO ] 2023-09-05 19:51:10.290 [Thread-1] Client - Open chat!
[INFO ] 2023-09-05 19:51:14.996 [Thread-0] ConnectionHandler - Connection received from DESKTOP-OCNPFLI : 60209
[INFO ] 2023-09-05 19:51:15.077 [Thread-1] ConnectionHandler - Username accepted: ss
[WARN ] 2023-09-05 19:51:19.508 [Thread-1] ConnectionHandler - Socket was closed. U successful exit from client!
[INFO ] 2023-09-05 19:51:31.043 [AWT-EventQueue-0] Client - Connected
[INFO ] 2023-09-05 19:51:31.244 [Thread-1] Client - Open chat!
[INFO ] 2023-09-05 19:51:35.562 [Thread-0] ConnectionHandler - Connection received from DESKTOP-OCNPFLI : 60215
[INFO ] 2023-09-05 19:51:35.566 [Thread-2] ConnectionHandler - Username accepted: dd
[INFO ] 2023-09-05 19:51:35.567 [Thread-0] CommunicationHandler - response: /USERS
[INFO ] 2023-09-05 19:51:38.454 [Thread-0] CommunicationHandler - response: /M
[WARN ] 2023-09-05 19:51:40.301 [Thread-2] ConnectionHandler - Socket was closed. U successful exit from client!
[INFO ] 2023-09-05 19:52:45.865 [Thread-0] ConnectionHandler - InetAddress : DESKTOP-OCNPFLI/192.168.56.1
[INFO ] 2023-09-05 19:52:50.931 [AWT-EventQueue-0] Client - Connected
[INFO ] 2023-09-05 19:52:51.046 [Thread-1] Client - Open chat!
[INFO ] 2023-09-05 19:52:55.470 [Thread-0] ConnectionHandler - Connection received from DESKTOP-OCNPFLI : 60248
[INFO ] 2023-09-05 19:52:55.547 [Thread-1] ConnectionHandler - Username accepted: dd
[INFO ] 2023-09-05 19:52:55.549 [Thread-0] CommunicationHandler - response: /USERS
[INFO ] 2023-09-05 19:52:55.550 [Thread-0] CommunicationHandler - response: /M
[INFO ] 2023-09-05 19:52:58.495 [Thread-0] CommunicationHandler - response: /M
[WARN ] 2023-09-05 19:52:59.749 [Thread-1] ConnectionHandler - Socket was closed. U successful exit from client!
[INFO ] 2023-09-05 19:53:38.177 [Thread-0] ConnectionHandler - InetAddress : DESKTOP-OCNPFLI/192.168.56.1
[INFO ] 2023-09-05 19:53:42.879 [AWT-EventQueue-0] Client - Connected
[INFO ] 2023-09-05 19:53:42.996 [Thread-1] Client - Open chat!
[INFO ] 2023-09-05 19:53:47.455 [Thread-0] ConnectionHandler - Connection received from DESKTOP-OCNPFLI : 60259
[INFO ] 2023-09-05 19:53:47.535 [Thread-1] ConnectionHandler - Username accepted: ww
[WARN ] 2023-09-05 19:53:58.146 [Thread-1] ConnectionHandler - Socket was closed. U successful exit from client!
[INFO ] 2023-09-05 19:54:44.968 [Thread-0] ConnectionHandler - InetAddress : DESKTOP-OCNPFLI/192.168.56.1
[INFO ] 2023-09-05 19:54:50.829 [AWT-EventQueue-0] Client - Connected
[INFO ] 2023-09-05 19:54:50.936 [Thread-1] Client - Open chat!
[INFO ] 2023-09-05 19:54:55.357 [Thread-0] ConnectionHandler - Connection received from DESKTOP-OCNPFLI : 60296
[INFO ] 2023-09-05 19:54:55.436 [Thread-1] ConnectionHandler - Username accepted: e
[WARN ] 2023-09-05 19:55:00.971 [Thread-1] ConnectionHandler - Socket was closed. U successful exit from client!
[INFO ] 2023-09-05 19:55:13.263 [Thread-0] ConnectionHandler - InetAddress : DESKTOP-OCNPFLI/192.168.56.1
[INFO ] 2023-09-05 19:55:18.125 [AWT-EventQueue-0] Client - Connected
[INFO ] 2023-09-05 19:55:18.239 [Thread-1] Client - Open chat!
[INFO ] 2023-09-05 19:55:22.679 [Thread-0] ConnectionHandler - Connection received from DESKTOP-OCNPFLI : 60308
[INFO ] 2023-09-05 19:55:22.754 [Thread-1] ConnectionHandler - Username accepted: w
[INFO ] 2023-09-05 19:55:22.756 [Thread-0] CommunicationHandler - response: /USERS
[INFO ] 2023-09-05 19:55:22.757 [Thread-0] CommunicationHandler - response: /M
[WARN ] 2023-09-05 19:55:28.557 [Thread-1] ConnectionHandler - Socket was closed. U successful exit from client!
[INFO ] 2023-09-05 20:07:39.687 [Thread-0] ConnectionHandler - InetAddress : DESKTOP-OCNPFLI/192.168.56.1
[INFO ] 2023-09-05 20:07:44.204 [Thread-1] AuthServiceImpl - Getting user auth instance!
[INFO ] 2023-09-05 20:07:49.349 [AWT-EventQueue-0] AuthServiceImpl - Getting user auth instance!
[INFO ] 2023-09-05 20:30:50.718 [Thread-0] ConnectionHandler - InetAddress : DESKTOP-OCNPFLI/192.168.56.1
[INFO ] 2023-09-05 20:30:57.612 [Thread-1] AuthServiceImpl - Getting user auth instance!
[ERROR] 2023-09-05 20:31:15.244 [AWT-EventQueue-0] DBConnector - org.hibernate.service.spi.ServiceException: Unable to create requested service [org.hibernate.engine.jdbc.env.spi.JdbcEnvironment] due to: Unable to determine Dialect without JDBC metadata (please set 'javax.persistence.jdbc.url', 'hibernate.connection.url', or 'hibernate.dialect')
[ERROR] 2023-09-05 20:31:15.245 [AWT-EventQueue-0] AuthServiceImpl - Cannot create user!
ua.desktop.chat.messenger.dao.exceptions.DAOException: Get session was not successful!
	at ua.desktop.chat.messenger.dao.util.DBConnector.getSession(DBConnector.java:27) ~[classes/:?]
	at ua.desktop.chat.messenger.auth.dao.mysql.impl.UserDAOMySQLImpl.findUserByEmailAndPassword(UserDAOMySQLImpl.java:68) ~[classes/:?]
	at ua.desktop.chat.messenger.auth.domain.impl.AuthServiceImpl.authorization(AuthServiceImpl.java:61) ~[classes/:?]
	at ua.desktop.chat.messenger.auth.ui.swing.auth.AuthorizationGUI.authorization(AuthorizationGUI.java:58) ~[classes/:?]
	at ua.desktop.chat.messenger.auth.ui.swing.auth.AuthorizationGUI.lambda$startGUI$0(AuthorizationGUI.java:28) ~[classes/:?]
	at javax.swing.AbstractButton.fireActionPerformed(AbstractButton.java:1967) [?:?]
	at javax.swing.AbstractButton$Handler.actionPerformed(AbstractButton.java:2308) [?:?]
	at javax.swing.DefaultButtonModel.fireActionPerformed(DefaultButtonModel.java:405) [?:?]
	at javax.swing.DefaultButtonModel.setPressed(DefaultButtonModel.java:262) [?:?]
	at javax.swing.plaf.basic.BasicButtonListener.mouseReleased(BasicButtonListener.java:279) [?:?]
	at java.awt.Component.processMouseEvent(Component.java:6635) [?:?]
	at javax.swing.JComponent.processMouseEvent(JComponent.java:3342) [?:?]
	at java.awt.Component.processEvent(Component.java:6400) [?:?]
	at java.awt.Container.processEvent(Container.java:2263) [?:?]
	at java.awt.Component.dispatchEventImpl(Component.java:5011) [?:?]
	at java.awt.Container.dispatchEventImpl(Container.java:2321) [?:?]
	at java.awt.Component.dispatchEvent(Component.java:4843) [?:?]
	at java.awt.LightweightDispatcher.retargetMouseEvent(Container.java:4918) [?:?]
	at java.awt.LightweightDispatcher.processMouseEvent(Container.java:4547) [?:?]
	at java.awt.LightweightDispatcher.dispatchEvent(Container.java:4488) [?:?]
	at java.awt.Container.dispatchEventImpl(Container.java:2307) [?:?]
	at java.awt.Window.dispatchEventImpl(Window.java:2772) [?:?]
	at java.awt.Component.dispatchEvent(Component.java:4843) [?:?]
	at java.awt.EventQueue.dispatchEventImpl(EventQueue.java:772) [?:?]
	at java.awt.EventQueue$4.run(EventQueue.java:721) [?:?]
	at java.awt.EventQueue$4.run(EventQueue.java:715) [?:?]
	at java.security.AccessController.doPrivileged(Native Method) ~[?:?]
	at java.security.ProtectionDomain$JavaSecurityAccessImpl.doIntersectionPrivilege(ProtectionDomain.java:85) [?:?]
	at java.security.ProtectionDomain$JavaSecurityAccessImpl.doIntersectionPrivilege(ProtectionDomain.java:95) [?:?]
	at java.awt.EventQueue$5.run(EventQueue.java:745) [?:?]
	at java.awt.EventQueue$5.run(EventQueue.java:743) [?:?]
	at java.security.AccessController.doPrivileged(Native Method) ~[?:?]
	at java.security.ProtectionDomain$JavaSecurityAccessImpl.doIntersectionPrivilege(ProtectionDomain.java:85) [?:?]
	at java.awt.EventQueue.dispatchEvent(EventQueue.java:742) [?:?]
	at java.awt.EventDispatchThread.pumpOneEventForFilters(EventDispatchThread.java:203) [?:?]
	at java.awt.EventDispatchThread.pumpEventsForFilter(EventDispatchThread.java:124) [?:?]
	at java.awt.EventDispatchThread.pumpEventsForFilter(EventDispatchThread.java:117) [?:?]
	at java.awt.WaitDispatchSupport$2.run(WaitDispatchSupport.java:190) [?:?]
	at java.awt.event.InvocationEvent.dispatch(InvocationEvent.java:313) [?:?]
	at java.awt.EventQueue.dispatchEventImpl(EventQueue.java:770) [?:?]
	at java.awt.EventQueue$4.run(EventQueue.java:721) [?:?]
	at java.awt.EventQueue$4.run(EventQueue.java:715) [?:?]
	at java.security.AccessController.doPrivileged(Native Method) ~[?:?]
	at java.security.ProtectionDomain$JavaSecurityAccessImpl.doIntersectionPrivilege(ProtectionDomain.java:85) [?:?]
	at java.awt.EventQueue.dispatchEvent(EventQueue.java:740) [?:?]
	at java.awt.EventDispatchThread.pumpOneEventForFilters(EventDispatchThread.java:203) [?:?]
	at java.awt.EventDispatchThread.pumpEventsForFilter(EventDispatchThread.java:124) [?:?]
	at java.awt.EventDispatchThread.pumpEventsForHierarchy(EventDispatchThread.java:113) [?:?]
	at java.awt.EventDispatchThread.pumpEvents(EventDispatchThread.java:109) [?:?]
	at java.awt.EventDispatchThread.pumpEvents(EventDispatchThread.java:101) [?:?]
	at java.awt.EventDispatchThread.run(EventDispatchThread.java:90) [?:?]
Caused by: org.hibernate.service.spi.ServiceException: Unable to create requested service [org.hibernate.engine.jdbc.env.spi.JdbcEnvironment] due to: Unable to determine Dialect without JDBC metadata (please set 'javax.persistence.jdbc.url', 'hibernate.connection.url', or 'hibernate.dialect')
	at org.hibernate.service.internal.AbstractServiceRegistryImpl.createService(AbstractServiceRegistryImpl.java:277) ~[hibernate-core-6.2.7.Final.jar:6.2.7.Final]
	at org.hibernate.service.internal.AbstractServiceRegistryImpl.initializeService(AbstractServiceRegistryImpl.java:239) ~[hibernate-core-6.2.7.Final.jar:6.2.7.Final]
	at org.hibernate.service.internal.AbstractServiceRegistryImpl.getService(AbstractServiceRegistryImpl.java:216) ~[hibernate-core-6.2.7.Final.jar:6.2.7.Final]
	at org.hibernate.boot.model.relational.Database.<init>(Database.java:45) ~[hibernate-core-6.2.7.Final.jar:6.2.7.Final]
	at org.hibernate.boot.internal.InFlightMetadataCollectorImpl.getDatabase(InFlightMetadataCollectorImpl.java:230) ~[hibernate-core-6.2.7.Final.jar:6.2.7.Final]
	at org.hibernate.boot.internal.InFlightMetadataCollectorImpl.<init>(InFlightMetadataCollectorImpl.java:198) ~[hibernate-core-6.2.7.Final.jar:6.2.7.Final]
	at org.hibernate.boot.model.process.spi.MetadataBuildingProcess.complete(MetadataBuildingProcess.java:166) ~[hibernate-core-6.2.7.Final.jar:6.2.7.Final]
	at org.hibernate.boot.model.process.spi.MetadataBuildingProcess.build(MetadataBuildingProcess.java:125) ~[hibernate-core-6.2.7.Final.jar:6.2.7.Final]
	at org.hibernate.boot.internal.MetadataBuilderImpl.build(MetadataBuilderImpl.java:451) ~[hibernate-core-6.2.7.Final.jar:6.2.7.Final]
	at org.hibernate.boot.internal.MetadataBuilderImpl.build(MetadataBuilderImpl.java:102) ~[hibernate-core-6.2.7.Final.jar:6.2.7.Final]
	at org.hibernate.cfg.Configuration.buildSessionFactory(Configuration.java:910) ~[hibernate-core-6.2.7.Final.jar:6.2.7.Final]
	at org.hibernate.cfg.Configuration.buildSessionFactory(Configuration.java:960) ~[hibernate-core-6.2.7.Final.jar:6.2.7.Final]
	at ua.desktop.chat.messenger.dao.util.DBConnector.getSession(DBConnector.java:22) ~[classes/:?]
	... 50 more
Caused by: org.hibernate.HibernateException: Unable to determine Dialect without JDBC metadata (please set 'javax.persistence.jdbc.url', 'hibernate.connection.url', or 'hibernate.dialect')
	at org.hibernate.engine.jdbc.dialect.internal.DialectFactoryImpl.determineDialect(DialectFactoryImpl.java:188) ~[hibernate-core-6.2.7.Final.jar:6.2.7.Final]
	at org.hibernate.engine.jdbc.dialect.internal.DialectFactoryImpl.buildDialect(DialectFactoryImpl.java:87) ~[hibernate-core-6.2.7.Final.jar:6.2.7.Final]
	at org.hibernate.engine.jdbc.env.internal.JdbcEnvironmentInitiator.initiateService(JdbcEnvironmentInitiator.java:274) ~[hibernate-core-6.2.7.Final.jar:6.2.7.Final]
	at org.hibernate.engine.jdbc.env.internal.JdbcEnvironmentInitiator.initiateService(JdbcEnvironmentInitiator.java:34) ~[hibernate-core-6.2.7.Final.jar:6.2.7.Final]
	at org.hibernate.boot.registry.internal.StandardServiceRegistryImpl.initiateService(StandardServiceRegistryImpl.java:119) ~[hibernate-core-6.2.7.Final.jar:6.2.7.Final]
	at org.hibernate.service.internal.AbstractServiceRegistryImpl.createService(AbstractServiceRegistryImpl.java:264) ~[hibernate-core-6.2.7.Final.jar:6.2.7.Final]
	at org.hibernate.service.internal.AbstractServiceRegistryImpl.initializeService(AbstractServiceRegistryImpl.java:239) ~[hibernate-core-6.2.7.Final.jar:6.2.7.Final]
	at org.hibernate.service.internal.AbstractServiceRegistryImpl.getService(AbstractServiceRegistryImpl.java:216) ~[hibernate-core-6.2.7.Final.jar:6.2.7.Final]
	at org.hibernate.boot.model.relational.Database.<init>(Database.java:45) ~[hibernate-core-6.2.7.Final.jar:6.2.7.Final]
	at org.hibernate.boot.internal.InFlightMetadataCollectorImpl.getDatabase(InFlightMetadataCollectorImpl.java:230) ~[hibernate-core-6.2.7.Final.jar:6.2.7.Final]
	at org.hibernate.boot.internal.InFlightMetadataCollectorImpl.<init>(InFlightMetadataCollectorImpl.java:198) ~[hibernate-core-6.2.7.Final.jar:6.2.7.Final]
	at org.hibernate.boot.model.process.spi.MetadataBuildingProcess.complete(MetadataBuildingProcess.java:166) ~[hibernate-core-6.2.7.Final.jar:6.2.7.Final]
	at org.hibernate.boot.model.process.spi.MetadataBuildingProcess.build(MetadataBuildingProcess.java:125) ~[hibernate-core-6.2.7.Final.jar:6.2.7.Final]
	at org.hibernate.boot.internal.MetadataBuilderImpl.build(MetadataBuilderImpl.java:451) ~[hibernate-core-6.2.7.Final.jar:6.2.7.Final]
	at org.hibernate.boot.internal.MetadataBuilderImpl.build(MetadataBuilderImpl.java:102) ~[hibernate-core-6.2.7.Final.jar:6.2.7.Final]
	at org.hibernate.cfg.Configuration.buildSessionFactory(Configuration.java:910) ~[hibernate-core-6.2.7.Final.jar:6.2.7.Final]
	at org.hibernate.cfg.Configuration.buildSessionFactory(Configuration.java:960) ~[hibernate-core-6.2.7.Final.jar:6.2.7.Final]
	at ua.desktop.chat.messenger.dao.util.DBConnector.getSession(DBConnector.java:22) ~[classes/:?]
	... 50 more
[INFO ] 2023-09-05 20:43:06.699 [Thread-0] ConnectionHandler - InetAddress : DESKTOP-OCNPFLI/192.168.56.1
[INFO ] 2023-09-05 20:43:11.528 [Thread-1] AuthServiceImpl - Getting user auth instance!
[INFO ] 2023-09-05 20:43:19.985 [AWT-EventQueue-0] DBConnector - Get session was successful!
[INFO ] 2023-09-05 20:43:20.695 [AWT-EventQueue-0] UserDAOMySQLImpl - User was found!
[INFO ] 2023-09-05 22:05:04.953 [Thread-0] ConnectionHandler - InetAddress : DESKTOP-OCNPFLI/192.168.56.1
[INFO ] 2023-09-05 22:05:42.719 [Thread-0] ConnectionHandler - InetAddress : DESKTOP-OCNPFLI/192.168.56.1
[INFO ] 2023-09-05 22:05:46.829 [Thread-1] AuthServiceImpl - Getting user auth instance!
[INFO ] 2023-09-05 22:05:48.858 [AWT-EventQueue-0] AuthServiceImpl - Getting user auth instance!
[INFO ] 2023-09-05 22:07:09.759 [Thread-0] ConnectionHandler - InetAddress : DESKTOP-OCNPFLI/192.168.56.1
[INFO ] 2023-09-05 22:07:13.617 [Thread-1] AuthServiceImpl - Getting user auth instance!
[INFO ] 2023-09-05 22:07:15.426 [AWT-EventQueue-0] AuthServiceImpl - Getting user auth instance!
[INFO ] 2023-09-05 22:07:35.715 [AWT-EventQueue-0] AuthServiceImpl - Getting user auth instance!
[INFO ] 2023-09-05 22:07:40.099 [AWT-EventQueue-0] AuthServiceImpl - Getting user auth instance!
[INFO ] 2023-09-05 22:07:52.275 [AWT-EventQueue-0] DBConnector - Get session was successful!
[INFO ] 2023-09-05 22:07:53.156 [AWT-EventQueue-0] UserDAOMySQLImpl - User with this email `ee` was not existed!
[INFO ] 2023-09-05 22:07:53.686 [AWT-EventQueue-0] DBConnector - Get session was successful!
[INFO ] 2023-09-05 22:07:53.722 [AWT-EventQueue-0] UserDAOMySQLImpl - User was not existed!
[INFO ] 2023-09-05 22:07:54.820 [AWT-EventQueue-0] DBConnector - Get session was successful!
[INFO ] 2023-09-05 22:07:54.913 [AWT-EventQueue-0] UserDAOMySQLImpl - Create user was successful!
[INFO ] 2023-09-05 22:08:00.458 [AWT-EventQueue-0] DBConnector - Get session was successful!
[INFO ] 2023-09-05 22:08:00.505 [AWT-EventQueue-0] UserDAOMySQLImpl - User was found!
[INFO ] 2023-09-05 22:15:41.392 [Thread-0] ConnectionHandler - InetAddress : DESKTOP-OCNPFLI/192.168.56.1
[INFO ] 2023-09-05 22:15:46.796 [Thread-1] AuthServiceImpl - Getting user auth instance!
[INFO ] 2023-09-05 22:15:51.485 [AWT-EventQueue-0] AuthServiceImpl - Getting user auth instance!
[INFO ] 2023-09-05 22:16:31.089 [Thread-0] ConnectionHandler - InetAddress : DESKTOP-OCNPFLI/192.168.56.1
[INFO ] 2023-09-05 22:16:36.044 [Thread-1] AuthServiceImpl - Getting user auth instance!
[INFO ] 2023-09-05 22:16:37.248 [AWT-EventQueue-0] AuthServiceImpl - Getting user auth instance!
[INFO ] 2023-09-05 22:16:56.566 [AWT-EventQueue-0] DBConnector - Get session was successful!
[INFO ] 2023-09-05 22:16:57.222 [AWT-EventQueue-0] UserDAOMySQLImpl - User with this email `ff` was not existed!
[INFO ] 2023-09-05 22:16:57.641 [AWT-EventQueue-0] DBConnector - Get session was successful!
[INFO ] 2023-09-05 22:16:57.685 [AWT-EventQueue-0] UserDAOMySQLImpl - User was not existed!
[INFO ] 2023-09-05 22:16:58.075 [AWT-EventQueue-0] DBConnector - Get session was successful!
[INFO ] 2023-09-05 22:16:58.190 [AWT-EventQueue-0] UserDAOMySQLImpl - Create user was successful!
[INFO ] 2023-09-05 22:17:03.804 [AWT-EventQueue-0] DBConnector - Get session was successful!
[INFO ] 2023-09-05 22:17:03.839 [AWT-EventQueue-0] UserDAOMySQLImpl - User was found!
[INFO ] 2023-09-05 22:21:20.419 [Thread-0] ConnectionHandler - InetAddress : DESKTOP-OCNPFLI/192.168.56.1
[INFO ] 2023-09-05 22:21:25.624 [Thread-1] AuthServiceImpl - Getting user auth instance!
[INFO ] 2023-09-05 22:21:32.482 [AWT-EventQueue-0] AuthServiceImpl - Getting user auth instance!
[INFO ] 2023-09-05 22:23:05.979 [Thread-0] ConnectionHandler - InetAddress : DESKTOP-OCNPFLI/192.168.56.1
[INFO ] 2023-09-05 22:23:09.672 [Thread-1] AuthServiceImpl - Getting user auth instance!
[INFO ] 2023-09-05 22:25:51.523 [AWT-EventQueue-0] AuthServiceImpl - Getting user auth instance!
[INFO ] 2023-09-05 22:26:35.561 [Thread-0] ConnectionHandler - InetAddress : DESKTOP-OCNPFLI/192.168.56.1
[INFO ] 2023-09-05 22:26:39.722 [Thread-1] AuthServiceImpl - Getting user auth instance!
[INFO ] 2023-09-05 22:26:41.577 [AWT-EventQueue-0] AuthServiceImpl - Getting user auth instance!
[INFO ] 2023-09-05 22:27:19.154 [Thread-0] ConnectionHandler - InetAddress : DESKTOP-OCNPFLI/192.168.56.1
[INFO ] 2023-09-05 22:27:22.826 [Thread-1] AuthServiceImpl - Getting user auth instance!
[INFO ] 2023-09-05 22:27:23.829 [AWT-EventQueue-0] AuthServiceImpl - Getting user auth instance!
[INFO ] 2023-09-05 22:27:31.861 [AWT-EventQueue-0] AuthServiceImpl - Getting user auth instance!
[INFO ] 2023-09-05 22:27:47.596 [AWT-EventQueue-0] DBConnector - Get session was successful!
[INFO ] 2023-09-05 22:27:49.326 [AWT-EventQueue-0] UserDAOMySQLImpl - User was found!
[INFO ] 2023-09-05 22:28:23.797 [Thread-0] ConnectionHandler - InetAddress : DESKTOP-OCNPFLI/192.168.56.1
[INFO ] 2023-09-05 22:28:32.198 [Thread-1] AuthServiceImpl - Getting user auth instance!
[INFO ] 2023-09-05 22:28:34.393 [AWT-EventQueue-0] AuthServiceImpl - Getting user auth instance!
[INFO ] 2023-09-05 22:28:53.449 [AWT-EventQueue-0] DBConnector - Get session was successful!
[INFO ] 2023-09-05 22:28:55.241 [AWT-EventQueue-0] UserDAOMySQLImpl - User was found!
[INFO ] 2023-09-05 22:31:14.168 [Thread-0] ConnectionHandler - InetAddress : DESKTOP-OCNPFLI/192.168.56.1
[INFO ] 2023-09-05 22:31:18.498 [Thread-1] AuthServiceImpl - Getting user auth instance!
[INFO ] 2023-09-05 22:31:19.802 [AWT-EventQueue-0] AuthServiceImpl - Getting user auth instance!
[INFO ] 2023-09-05 22:31:30.494 [AWT-EventQueue-0] DBConnector - Get session was successful!
[INFO ] 2023-09-05 22:31:32.467 [AWT-EventQueue-0] UserDAOMySQLImpl - User was found!
[INFO ] 2023-09-05 22:32:13.987 [AWT-EventQueue-0] Client - Connected
[INFO ] 2023-09-05 22:32:14.086 [Thread-1] Client - Open chat!
[INFO ] 2023-09-05 22:32:18.524 [Thread-0] ConnectionHandler - Connection received from DESKTOP-OCNPFLI : 62050
[INFO ] 2023-09-05 22:32:18.617 [Thread-1] ConnectionHandler - Username accepted: ww
[INFO ] 2023-09-05 22:32:18.618 [Thread-0] CommunicationHandler - response: /USERS
[WARN ] 2023-09-05 22:32:25.136 [Thread-1] ConnectionHandler - Socket was closed. U successful exit from client!
[INFO ] 2023-09-05 22:34:01.193 [Thread-0] ConnectionHandler - InetAddress : DESKTOP-OCNPFLI/192.168.56.1
[INFO ] 2023-09-05 22:34:04.962 [Thread-1] AuthServiceImpl - Getting user auth instance!
[INFO ] 2023-09-05 22:34:10.309 [AWT-EventQueue-0] AuthServiceImpl - Getting user auth instance!
[INFO ] 2023-09-05 22:34:25.487 [AWT-EventQueue-0] DBConnector - Get session was successful!
[INFO ] 2023-09-05 22:34:26.364 [AWT-EventQueue-0] UserDAOMySQLImpl - User was found!
[INFO ] 2023-09-05 22:34:27.853 [AWT-EventQueue-0] Client - Connected
[ERROR] 2023-09-05 22:34:27.928 [Thread-1] Client - Exception when u try to connection into server!.
org.hibernate.LazyInitializationException: failed to lazily initialize a collection of role: ua.desktop.chat.messenger.models.User.chatList: could not initialize proxy - no Session
	at org.hibernate.collection.spi.AbstractPersistentCollection.throwLazyInitializationException(AbstractPersistentCollection.java:635) ~[hibernate-core-6.2.7.Final.jar:6.2.7.Final]
	at org.hibernate.collection.spi.AbstractPersistentCollection.withTemporarySessionIfNeeded(AbstractPersistentCollection.java:218) ~[hibernate-core-6.2.7.Final.jar:6.2.7.Final]
	at org.hibernate.collection.spi.AbstractPersistentCollection.initialize(AbstractPersistentCollection.java:615) ~[hibernate-core-6.2.7.Final.jar:6.2.7.Final]
	at org.hibernate.collection.spi.AbstractPersistentCollection.read(AbstractPersistentCollection.java:136) ~[hibernate-core-6.2.7.Final.jar:6.2.7.Final]
	at org.hibernate.collection.spi.PersistentBag.iterator(PersistentBag.java:371) ~[hibernate-core-6.2.7.Final.jar:6.2.7.Final]
	at com.google.gson.internal.bind.CollectionTypeAdapterFactory$Adapter.write(CollectionTypeAdapterFactory.java:96) ~[gson-2.10.1.jar:?]
	at com.google.gson.internal.bind.CollectionTypeAdapterFactory$Adapter.write(CollectionTypeAdapterFactory.java:61) ~[gson-2.10.1.jar:?]
	at com.google.gson.internal.bind.TypeAdapterRuntimeTypeWrapper.write(TypeAdapterRuntimeTypeWrapper.java:70) ~[gson-2.10.1.jar:?]
	at com.google.gson.internal.bind.ReflectiveTypeAdapterFactory$1.write(ReflectiveTypeAdapterFactory.java:196) ~[gson-2.10.1.jar:?]
	at com.google.gson.internal.bind.ReflectiveTypeAdapterFactory$Adapter.write(ReflectiveTypeAdapterFactory.java:368) ~[gson-2.10.1.jar:?]
	at com.google.gson.Gson.toJson(Gson.java:842) ~[gson-2.10.1.jar:?]
	at com.google.gson.Gson.toJson(Gson.java:812) ~[gson-2.10.1.jar:?]
	at com.google.gson.Gson.toJson(Gson.java:759) ~[gson-2.10.1.jar:?]
	at com.google.gson.Gson.toJson(Gson.java:736) ~[gson-2.10.1.jar:?]
	at ua.desktop.chat.messenger.parser.ParserJSON.convertObjectToString(ParserJSON.java:19) ~[classes/:?]
	at ua.desktop.chat.messenger.domain.Client.connect(Client.java:73) [classes/:?]
	at ua.desktop.chat.messenger.domain.Client.run(Client.java:45) [classes/:?]
	at java.lang.Thread.run(Thread.java:829) [?:?]
[INFO ] 2023-09-05 22:34:27.932 [Thread-1] AuthServiceImpl - Getting user auth instance!
[INFO ] 2023-09-05 22:34:32.402 [Thread-0] ConnectionHandler - Connection received from DESKTOP-OCNPFLI : 62077
[INFO ] 2023-09-05 22:45:28.645 [Thread-0] ConnectionHandler - InetAddress : DESKTOP-OCNPFLI/192.168.56.1
[INFO ] 2023-09-05 22:45:34.440 [Thread-1] AuthServiceImpl - Getting user auth instance!
[INFO ] 2023-09-05 22:45:36.483 [AWT-EventQueue-0] AuthServiceImpl - Getting user auth instance!
[INFO ] 2023-09-05 22:45:47.494 [AWT-EventQueue-0] DBConnector - Get session was successful!
[INFO ] 2023-09-05 22:45:48.340 [AWT-EventQueue-0] UserDAOMySQLImpl - User was found!
[INFO ] 2023-09-05 22:45:54.704 [AWT-EventQueue-0] Client - Connected
[ERROR] 2023-09-05 22:45:54.991 [Thread-1] Client - Exception when u try to connection into server!.
org.hibernate.LazyInitializationException: failed to lazily initialize a collection of role: ua.desktop.chat.messenger.models.User.chatList: could not initialize proxy - no Session
	at org.hibernate.collection.spi.AbstractPersistentCollection.throwLazyInitializationException(AbstractPersistentCollection.java:635) ~[hibernate-core-6.2.7.Final.jar:6.2.7.Final]
	at org.hibernate.collection.spi.AbstractPersistentCollection.withTemporarySessionIfNeeded(AbstractPersistentCollection.java:218) ~[hibernate-core-6.2.7.Final.jar:6.2.7.Final]
	at org.hibernate.collection.spi.AbstractPersistentCollection.initialize(AbstractPersistentCollection.java:615) ~[hibernate-core-6.2.7.Final.jar:6.2.7.Final]
	at org.hibernate.collection.spi.AbstractPersistentCollection.read(AbstractPersistentCollection.java:136) ~[hibernate-core-6.2.7.Final.jar:6.2.7.Final]
	at org.hibernate.collection.spi.PersistentBag.iterator(PersistentBag.java:371) ~[hibernate-core-6.2.7.Final.jar:6.2.7.Final]
	at com.google.gson.internal.bind.CollectionTypeAdapterFactory$Adapter.write(CollectionTypeAdapterFactory.java:96) ~[gson-2.10.1.jar:?]
	at com.google.gson.internal.bind.CollectionTypeAdapterFactory$Adapter.write(CollectionTypeAdapterFactory.java:61) ~[gson-2.10.1.jar:?]
	at com.google.gson.internal.bind.TypeAdapterRuntimeTypeWrapper.write(TypeAdapterRuntimeTypeWrapper.java:70) ~[gson-2.10.1.jar:?]
	at com.google.gson.internal.bind.ReflectiveTypeAdapterFactory$1.write(ReflectiveTypeAdapterFactory.java:196) ~[gson-2.10.1.jar:?]
	at com.google.gson.internal.bind.ReflectiveTypeAdapterFactory$Adapter.write(ReflectiveTypeAdapterFactory.java:368) ~[gson-2.10.1.jar:?]
	at com.google.gson.Gson.toJson(Gson.java:842) ~[gson-2.10.1.jar:?]
	at com.google.gson.Gson.toJson(Gson.java:812) ~[gson-2.10.1.jar:?]
	at com.google.gson.Gson.toJson(Gson.java:759) ~[gson-2.10.1.jar:?]
	at com.google.gson.Gson.toJson(Gson.java:736) ~[gson-2.10.1.jar:?]
	at ua.desktop.chat.messenger.parser.ParserJSON.convertObjectToString(ParserJSON.java:19) ~[classes/:?]
	at ua.desktop.chat.messenger.domain.Client.connect(Client.java:73) [classes/:?]
	at ua.desktop.chat.messenger.domain.Client.run(Client.java:45) [classes/:?]
	at java.lang.Thread.run(Thread.java:829) [?:?]
[INFO ] 2023-09-05 22:45:54.996 [Thread-1] AuthServiceImpl - Getting user auth instance!
[INFO ] 2023-09-05 22:45:59.420 [Thread-0] ConnectionHandler - Connection received from DESKTOP-OCNPFLI : 62256
[INFO ] 2023-09-05 22:50:09.985 [Thread-0] ConnectionHandler - InetAddress : DESKTOP-OCNPFLI/192.168.56.1
[INFO ] 2023-09-05 22:50:14.969 [Thread-1] AuthServiceImpl - Getting user auth instance!
[INFO ] 2023-09-05 22:50:17.956 [AWT-EventQueue-0] AuthServiceImpl - Getting user auth instance!
[INFO ] 2023-09-05 22:50:32.207 [AWT-EventQueue-0] DBConnector - Get session was successful!
[INFO ] 2023-09-05 22:50:33.053 [AWT-EventQueue-0] UserDAOMySQLImpl - User was found!
[INFO ] 2023-09-05 22:50:34.258 [AWT-EventQueue-0] Client - Connected
[INFO ] 2023-09-05 22:50:38.815 [Thread-0] ConnectionHandler - Connection received from DESKTOP-OCNPFLI : 62301
[INFO ] 2023-09-05 23:31:22.278 [Thread-0] ConnectionHandler - InetAddress : DESKTOP-OCNPFLI/192.168.56.1
[INFO ] 2023-09-05 23:31:27.980 [Thread-1] AuthServiceImpl - Getting user auth instance!
[INFO ] 2023-09-05 23:31:30.839 [AWT-EventQueue-0] AuthServiceImpl - Getting user auth instance!
[INFO ] 2023-09-05 23:31:43.951 [AWT-EventQueue-0] DBConnector - Get session was successful!
[INFO ] 2023-09-05 23:31:45.111 [AWT-EventQueue-0] UserDAOMySQLImpl - User was found!
[INFO ] 2023-09-05 23:31:46.582 [AWT-EventQueue-0] Client - Connected
[INFO ] 2023-09-05 23:31:46.673 [Thread-1] Client - Open chat!
[INFO ] 2023-09-05 23:31:51.132 [Thread-0] ConnectionHandler - Connection received from DESKTOP-OCNPFLI : 62613
[INFO ] 2023-09-05 23:31:51.203 [Thread-1] ConnectionHandler - Username accepted: dd
[INFO ] 2023-09-05 23:31:51.206 [Thread-0] CommunicationHandler - response: /USERS
[INFO ] 2023-09-05 23:31:56.405 [Thread-0] CommunicationHandler - response: /M
[INFO ] 2023-09-05 23:31:58.661 [Thread-0] CommunicationHandler - response: /M
[WARN ] 2023-09-05 23:32:00.287 [Thread-1] ConnectionHandler - Socket was closed. U successful exit from client!
[INFO ] 2023-09-05 23:34:03.995 [Thread-0] ConnectionHandler - InetAddress : DESKTOP-OCNPFLI/192.168.56.1
[INFO ] 2023-09-05 23:34:08.276 [Thread-1] AuthServiceImpl - Getting user auth instance!
[INFO ] 2023-09-05 23:34:10.243 [AWT-EventQueue-0] AuthServiceImpl - Getting user auth instance!
[INFO ] 2023-09-05 23:34:23.107 [AWT-EventQueue-0] DBConnector - Get session was successful!
[INFO ] 2023-09-05 23:34:23.903 [AWT-EventQueue-0] UserDAOMySQLImpl - User was found!
[INFO ] 2023-09-05 23:34:26.098 [AWT-EventQueue-0] Client - Connected
[INFO ] 2023-09-05 23:34:26.168 [Thread-1] Client - Open chat!
[INFO ] 2023-09-05 23:34:30.626 [Thread-0] ConnectionHandler - Connection received from DESKTOP-OCNPFLI : 62637
[INFO ] 2023-09-05 23:34:30.687 [Thread-1] ConnectionHandler - Username accepted: dd
[INFO ] 2023-09-05 23:34:30.689 [Thread-0] CommunicationHandler - response: /USERS
[INFO ] 2023-09-05 23:34:33.380 [Thread-0] CommunicationHandler - response: /M
[INFO ] 2023-09-05 23:34:37.878 [Thread-0] CommunicationHandler - response: /M
[INFO ] 2023-09-05 23:34:42.484 [Thread-0] CommunicationHandler - response: /M
[INFO ] 2023-09-05 23:34:47.132 [Thread-1] AuthServiceImpl - Getting user auth instance!
[INFO ] 2023-09-05 23:34:56.346 [AWT-EventQueue-0] DBConnector - Get session was successful!
[INFO ] 2023-09-05 23:34:57.029 [AWT-EventQueue-0] UserDAOMySQLImpl - User was found!
[INFO ] 2023-09-05 23:34:58.622 [AWT-EventQueue-0] Client - Connected
[INFO ] 2023-09-05 23:34:58.702 [Thread-1] Client - Open chat!
[INFO ] 2023-09-05 23:35:03.155 [Thread-0] ConnectionHandler - Connection received from DESKTOP-OCNPFLI : 62646
[INFO ] 2023-09-05 23:35:03.157 [Thread-2] ConnectionHandler - Username accepted: ff
[INFO ] 2023-09-05 23:35:03.158 [Thread-0] CommunicationHandler - response: /USERS
[INFO ] 2023-09-05 23:35:03.159 [Thread-0] CommunicationHandler - response: /USERS
[INFO ] 2023-09-05 23:35:05.072 [Thread-2] ConnectionHandler - SENDER / GLOBAL
[ERROR] 2023-09-05 23:35:05.094 [Thread-2] ConnectionHandler - Unable to exit from clientHandler, problem with close Socket.
java.lang.ClassCastException: class ua.desktop.chat.messenger.dto.MessageDTO cannot be cast to class ua.desktop.chat.messenger.models.Message (ua.desktop.chat.messenger.dto.MessageDTO and ua.desktop.chat.messenger.models.Message are in unnamed module of loader 'app')
	at ua.desktop.chat.messenger.domain.ClientHandler.run(ClientHandler.java:68) [classes/:?]
	at java.lang.Thread.run(Thread.java:829) [?:?]
[INFO ] 2023-09-05 23:37:38.886 [Thread-0] ConnectionHandler - InetAddress : DESKTOP-OCNPFLI/192.168.56.1
[INFO ] 2023-09-05 23:37:47.543 [Thread-1] AuthServiceImpl - Getting user auth instance!
[INFO ] 2023-09-05 23:37:57.735 [AWT-EventQueue-0] DBConnector - Get session was successful!
[INFO ] 2023-09-05 23:37:58.611 [AWT-EventQueue-0] UserDAOMySQLImpl - User was found!
[INFO ] 2023-09-05 23:38:00.145 [AWT-EventQueue-0] Client - Connected
[INFO ] 2023-09-05 23:38:00.273 [Thread-1] Client - Open chat!
[INFO ] 2023-09-05 23:38:04.706 [Thread-0] ConnectionHandler - Connection received from DESKTOP-OCNPFLI : 62691
[INFO ] 2023-09-05 23:38:04.839 [Thread-1] ConnectionHandler - Username accepted: dd
[INFO ] 2023-09-05 23:38:04.842 [Thread-0] CommunicationHandler - response: /USERS
[INFO ] 2023-09-05 23:38:08.834 [Thread-1] AuthServiceImpl - Getting user auth instance!
[INFO ] 2023-09-05 23:38:11.760 [AWT-EventQueue-0] AuthServiceImpl - Getting user auth instance!
[INFO ] 2023-09-05 23:38:26.755 [AWT-EventQueue-0] DBConnector - Get session was successful!
[INFO ] 2023-09-05 23:38:27.522 [AWT-EventQueue-0] UserDAOMySQLImpl - User was found!
[INFO ] 2023-09-05 23:38:28.706 [AWT-EventQueue-0] Client - Connected
[INFO ] 2023-09-05 23:38:28.769 [Thread-1] Client - Open chat!
[INFO ] 2023-09-05 23:38:33.219 [Thread-0] ConnectionHandler - Connection received from DESKTOP-OCNPFLI : 62699
[INFO ] 2023-09-05 23:38:33.221 [Thread-2] ConnectionHandler - Username accepted: ff
[INFO ] 2023-09-05 23:38:33.222 [Thread-0] CommunicationHandler - response: /USERS
[INFO ] 2023-09-05 23:38:33.223 [Thread-0] CommunicationHandler - response: /USERS
[INFO ] 2023-09-05 23:38:33.830 [Thread-1] ConnectionHandler - SENDER / GLOBAL
[INFO ] 2023-09-05 23:38:33.848 [Thread-1] ConnectionHandler - userName:  dd, message: wwwwwwww
[INFO ] 2023-09-05 23:38:33.856 [Thread-0] CommunicationHandler - response: /M
[INFO ] 2023-09-05 23:38:33.858 [Thread-0] CommunicationHandler - response: /M
[INFO ] 2023-09-05 23:38:33.863 [Thread-0] Client - dd
[INFO ] 2023-09-05 23:38:33.868 [Thread-0] Client - dd
[INFO ] 2023-09-05 23:38:36.621 [Thread-2] ConnectionHandler - SENDER / GLOBAL
[INFO ] 2023-09-05 23:38:36.624 [Thread-2] ConnectionHandler - userName:  ff, message: 3333
[INFO ] 2023-09-05 23:38:36.629 [Thread-0] CommunicationHandler - response: /M
[INFO ] 2023-09-05 23:38:36.631 [Thread-0] Client - ff
[INFO ] 2023-09-05 23:38:36.631 [Thread-0] CommunicationHandler - response: /M
[INFO ] 2023-09-05 23:38:36.632 [Thread-0] Client - ff
[INFO ] 2023-09-05 23:38:40.584 [Thread-2] ConnectionHandler - SENDER / dd
[INFO ] 2023-09-05 23:38:40.587 [Thread-2] ConnectionHandler - userName:  ff, message: 22
[INFO ] 2023-09-05 23:38:40.592 [Thread-0] CommunicationHandler - response: /M
[INFO ] 2023-09-05 23:38:43.356 [Thread-1] ConnectionHandler - SENDER / ff
[INFO ] 2023-09-05 23:38:43.357 [Thread-1] ConnectionHandler - userName:  dd, message: 2
[INFO ] 2023-09-05 23:38:43.361 [Thread-0] CommunicationHandler - response: /M
[INFO ] 2023-09-05 23:38:45.029 [Thread-0] CommunicationHandler - response: /USERS
[INFO ] 2023-09-05 23:38:45.034 [Thread-0] CommunicationHandler - response: /USERS
[WARN ] 2023-09-05 23:38:45.034 [Thread-2] ConnectionHandler - Socket was closed. U successful exit from client!
[WARN ] 2023-09-05 23:38:50.947 [Thread-1] ConnectionHandler - Socket was closed. U successful exit from client!
[INFO ] 2023-09-06 18:12:50.928 [Thread-0] ConnectionHandler - InetAddress : DESKTOP-OCNPFLI/192.168.56.1
[INFO ] 2023-09-06 18:12:59.987 [Thread-1] AuthServiceImpl - Getting user auth instance!
[INFO ] 2023-09-06 18:13:08.645 [AWT-EventQueue-0] DBConnector - Get session was successful!
[INFO ] 2023-09-06 18:13:09.999 [AWT-EventQueue-0] UserDAOMySQLImpl - User was found!
[INFO ] 2023-09-06 18:13:11.531 [AWT-EventQueue-0] Client - Connected
[INFO ] 2023-09-06 18:13:11.650 [Thread-1] Client - Open chat!
[INFO ] 2023-09-06 18:13:16.079 [Thread-0] ConnectionHandler - Connection received from DESKTOP-OCNPFLI : 60427
[INFO ] 2023-09-06 18:13:16.155 [Thread-1] ConnectionHandler - Username accepted: dd
[INFO ] 2023-09-06 18:13:16.157 [Thread-0] CommunicationHandler - response: /USERS
[INFO ] 2023-09-06 18:13:25.737 [Thread-1] AuthServiceImpl - Getting user auth instance!
[INFO ] 2023-09-06 18:13:34.029 [AWT-EventQueue-0] DBConnector - Get session was successful!
[INFO ] 2023-09-06 18:13:34.712 [AWT-EventQueue-0] UserDAOMySQLImpl - User was found!
[INFO ] 2023-09-06 18:13:35.876 [AWT-EventQueue-0] Client - Connected
[INFO ] 2023-09-06 18:13:35.939 [Thread-1] Client - Open chat!
[INFO ] 2023-09-06 18:13:40.409 [Thread-0] ConnectionHandler - Connection received from DESKTOP-OCNPFLI : 60439
[INFO ] 2023-09-06 18:13:40.411 [Thread-2] ConnectionHandler - Username accepted: ff
[INFO ] 2023-09-06 18:13:40.412 [Thread-0] CommunicationHandler - response: /USERS
[INFO ] 2023-09-06 18:13:40.413 [Thread-0] CommunicationHandler - response: /USERS
[INFO ] 2023-09-06 18:13:47.691 [Thread-2] ConnectionHandler - SENDER /  dd
[INFO ] 2023-09-06 18:13:47.711 [Thread-2] ConnectionHandler - userName:  ff, message: fffffff
[INFO ] 2023-09-06 18:13:47.722 [Thread-0] CommunicationHandler - response: /M
[INFO ] 2023-09-06 18:13:51.259 [Thread-0] CommunicationHandler - response: /USERS
[INFO ] 2023-09-06 18:13:51.268 [Thread-0] CommunicationHandler - response: /USERS
[WARN ] 2023-09-06 18:13:51.268 [Thread-1] ConnectionHandler - Socket was closed. U successful exit from client!
[WARN ] 2023-09-06 18:13:51.919 [Thread-2] ConnectionHandler - Socket was closed. U successful exit from client!
[INFO ] 2023-09-06 20:05:59.379 [Thread-0] ConnectionHandler - InetAddress : DESKTOP-OCNPFLI/192.168.56.1
[INFO ] 2023-09-06 20:06:45.064 [Thread-1] AuthServiceImpl - Getting user auth instance!
[INFO ] 2023-09-06 20:06:47.063 [AWT-EventQueue-0] AuthServiceImpl - Getting user auth instance!
[INFO ] 2023-09-06 20:06:59.536 [AWT-EventQueue-0] DBConnector - Get session was successful!
[INFO ] 2023-09-06 20:07:54.846 [Thread-0] ConnectionHandler - InetAddress : DESKTOP-OCNPFLI/192.168.56.1
[INFO ] 2023-09-06 20:07:59.589 [Thread-1] AuthServiceImpl - Getting user auth instance!
[INFO ] 2023-09-06 20:08:01.464 [AWT-EventQueue-0] AuthServiceImpl - Getting user auth instance!
[INFO ] 2023-09-06 20:08:12.122 [AWT-EventQueue-0] DBConnector - Get session was successful!
[INFO ] 2023-09-06 20:08:12.986 [AWT-EventQueue-0] UserDAOMySQLImpl - User with this email `dd` or username `dd`was existed!
[WARN ] 2023-09-06 20:08:12.988 [AWT-EventQueue-0] UserDAOMySQLImpl - Such user with email `dd` is defined, please change email...
[INFO ] 2023-09-06 20:08:23.085 [AWT-EventQueue-0] DBConnector - Get session was successful!
[INFO ] 2023-09-06 20:08:23.103 [AWT-EventQueue-0] UserDAOMySQLImpl - User with this email `dd` or username `ddf`was existed!
[WARN ] 2023-09-06 20:08:23.104 [AWT-EventQueue-0] UserDAOMySQLImpl - Such user with email `dd` is defined, please change email...
[INFO ] 2023-09-06 20:08:33.626 [AWT-EventQueue-0] DBConnector - Get session was successful!
[INFO ] 2023-09-06 20:08:33.642 [AWT-EventQueue-0] UserDAOMySQLImpl - User with this email `ddd` or username `dd`was existed!
[WARN ] 2023-09-06 20:08:33.642 [AWT-EventQueue-0] UserDAOMySQLImpl - Such user with email `ddd` is defined, please change email...
[INFO ] 2023-09-06 20:08:45.654 [AWT-EventQueue-0] DBConnector - Get session was successful!
[INFO ] 2023-09-06 20:08:45.664 [AWT-EventQueue-0] UserDAOMySQLImpl - User with this email `ddd` or username `ddd` was not existed!
[INFO ] 2023-09-06 20:08:45.961 [AWT-EventQueue-0] DBConnector - Get session was successful!
[INFO ] 2023-09-06 20:08:45.998 [AWT-EventQueue-0] UserDAOMySQLImpl - User was not existed!
[INFO ] 2023-09-06 20:08:46.311 [AWT-EventQueue-0] DBConnector - Get session was successful!
[INFO ] 2023-09-06 20:08:46.395 [AWT-EventQueue-0] UserDAOMySQLImpl - Create user was successful!
[INFO ] 2023-09-06 21:20:49.386 [Thread-0] ConnectionHandler - InetAddress : DESKTOP-OCNPFLI/192.168.56.1
[INFO ] 2023-09-06 21:20:52.234 [Thread-2] AuthServiceImpl - Getting user auth instance!
[INFO ] 2023-09-06 21:20:54.839 [Thread-1] AuthServiceImpl - Getting user auth instance!
[INFO ] 2023-09-06 21:21:02.981 [Thread-2] AuthServiceImpl - Getting user auth instance!
[INFO ] 2023-09-06 21:21:16.339 [AWT-EventQueue-0] DBConnector - Get session was successful!
[INFO ] 2023-09-06 21:21:17.384 [AWT-EventQueue-0] UserDAOMySQLImpl - User was found!
[INFO ] 2023-09-06 21:21:19.942 [AWT-EventQueue-0] Client - Connected
[INFO ] 2023-09-06 21:21:20.168 [Thread-2] Client - Open chat!
[INFO ] 2023-09-06 21:21:24.518 [Thread-0] ConnectionHandler - Connection received from DESKTOP-OCNPFLI : 62831
[INFO ] 2023-09-06 21:21:24.749 [Thread-1] ConnectionHandler - Username accepted: dd
[INFO ] 2023-09-06 21:21:24.753 [Thread-1] CommunicationHandler - response: /USERS
[INFO ] 2023-09-06 21:21:35.694 [Thread-1] CommunicationHandler - response: /M
[INFO ] 2023-09-06 21:21:38.318 [Thread-1] CommunicationHandler - response: /M
[INFO ] 2023-09-06 21:21:39.658 [Thread-1] CommunicationHandler - response: /M
[INFO ] 2023-09-06 21:21:41.466 [Thread-1] CommunicationHandler - response: /M
[INFO ] 2023-09-06 21:21:43.884 [Thread-1] CommunicationHandler - response: /M
[WARN ] 2023-09-06 21:21:45.714 [Thread-1] ConnectionHandler - Socket was closed. U successful exit from client!
[INFO ] 2023-09-06 21:21:56.241 [AWT-EventQueue-0] Client - Connected
[INFO ] 2023-09-06 21:21:56.247 [Thread-1] Client - Open chat!
[INFO ] 2023-09-06 21:22:00.773 [Thread-0] ConnectionHandler - Connection received from DESKTOP-OCNPFLI : 62838
[INFO ] 2023-09-06 21:24:20.336 [Thread-1] AuthServiceImpl - Getting user auth instance!
[INFO ] 2023-09-06 23:17:57.427 [Thread-0] ConnectionHandler - InetAddress : DESKTOP-OCNPFLI/192.168.56.1
[INFO ] 2023-09-06 23:18:02.410 [Thread-1] AuthServiceImpl - Getting user auth instance!
[INFO ] 2023-09-06 23:18:15.378 [AWT-EventQueue-0] DBConnector - Get session was successful!
[INFO ] 2023-09-06 23:18:16.136 [AWT-EventQueue-0] UserDAOMySQLImpl - User was found!
[INFO ] 2023-09-06 23:18:17.688 [AWT-EventQueue-0] Client - Connected
[INFO ] 2023-09-06 23:18:17.806 [Thread-1] Client - Open chat!
[INFO ] 2023-09-06 23:18:22.247 [Thread-0] ConnectionHandler - Connection received from DESKTOP-OCNPFLI : 63579
[INFO ] 2023-09-06 23:18:22.329 [Thread-1] ConnectionHandler - Username accepted: dd
[INFO ] 2023-09-06 23:18:22.332 [Thread-0] CommunicationHandler - response: /USERS
[INFO ] 2023-09-06 23:18:22.333 [Thread-0] CommunicationHandler - response: /M
[WARN ] 2023-09-06 23:18:25.470 [Thread-1] ConnectionHandler - Socket was closed. U successful exit from client!
[INFO ] 2023-09-06 23:22:56.925 [Thread-0] ConnectionHandler - InetAddress : DESKTOP-OCNPFLI/192.168.56.1
[INFO ] 2023-09-06 23:23:05.812 [Thread-1] AuthServiceImpl - Getting user auth instance!
[INFO ] 2023-09-06 23:23:21.637 [AWT-EventQueue-0] AuthServiceImpl - Getting user auth instance!
[INFO ] 2023-09-06 23:23:29.270 [AWT-EventQueue-0] DBConnector - Get session was successful!
[INFO ] 2023-09-06 23:23:30.279 [AWT-EventQueue-0] UserDAOMySQLImpl - User was found!
[INFO ] 2023-09-06 23:23:31.597 [AWT-EventQueue-0] Client - Connected
[INFO ] 2023-09-06 23:23:31.697 [Thread-1] Client - Open chat!
[INFO ] 2023-09-06 23:23:36.233 [Thread-0] ConnectionHandler - Connection received from DESKTOP-OCNPFLI : 63618
[INFO ] 2023-09-06 23:23:36.435 [Thread-1] ConnectionHandler - Username accepted: dd
[INFO ] 2023-09-06 23:23:36.438 [Thread-0] CommunicationHandler - response: /USERS
[INFO ] 2023-09-06 23:23:36.439 [Thread-0] CommunicationHandler - response: /M
[INFO ] 2023-09-06 23:23:51.471 [Thread-1] AuthServiceImpl - Getting user auth instance!
[INFO ] 2023-09-06 23:24:00.946 [AWT-EventQueue-0] DBConnector - Get session was successful!
[INFO ] 2023-09-06 23:24:01.637 [AWT-EventQueue-0] UserDAOMySQLImpl - User was found!
[INFO ] 2023-09-06 23:24:02.611 [AWT-EventQueue-0] Client - Connected
[INFO ] 2023-09-06 23:24:02.683 [Thread-1] Client - Open chat!
[INFO ] 2023-09-06 23:24:07.139 [Thread-0] ConnectionHandler - Connection received from DESKTOP-OCNPFLI : 63626
[INFO ] 2023-09-06 23:24:07.142 [Thread-2] ConnectionHandler - Username accepted: ff
[INFO ] 2023-09-06 23:24:07.144 [Thread-0] CommunicationHandler - response: /USERS
[INFO ] 2023-09-06 23:24:07.144 [Thread-0] CommunicationHandler - response: /USERS
[INFO ] 2023-09-06 23:24:07.148 [Thread-2] ConnectionHandler - SENDER / GLOBAL
[INFO ] 2023-09-06 23:24:07.170 [Thread-2] ConnectionHandler - userName:  ff, message: www
[INFO ] 2023-09-06 23:24:07.190 [Thread-0] CommunicationHandler - response: /M
[INFO ] 2023-09-06 23:24:07.191 [Thread-0] CommunicationHandler - response: /M
[INFO ] 2023-09-06 23:24:07.196 [Thread-0] Client - ff
[INFO ] 2023-09-06 23:24:07.196 [Thread-0] Client - ff
[INFO ] 2023-09-06 23:25:26.495 [Thread-1] AuthServiceImpl - Getting user auth instance!
[INFO ] 2023-09-06 23:25:36.123 [AWT-EventQueue-0] DBConnector - Get session was successful!
[INFO ] 2023-09-06 23:25:37.082 [AWT-EventQueue-0] UserDAOMySQLImpl - User was found!
[INFO ] 2023-09-06 23:25:38.432 [AWT-EventQueue-0] Client - Connected
[INFO ] 2023-09-06 23:25:38.624 [Thread-1] Client - Open chat!
[INFO ] 2023-09-06 23:25:43.133 [Thread-0] ConnectionHandler - Connection received from DESKTOP-OCNPFLI : 63645
[INFO ] 2023-09-06 23:25:43.194 [Thread-3] ConnectionHandler - Username accepted: ss
[INFO ] 2023-09-06 23:25:43.203 [Thread-0] CommunicationHandler - response: /USERS
[INFO ] 2023-09-06 23:25:43.262 [Thread-0] CommunicationHandler - response: /USERS
[INFO ] 2023-09-06 23:25:43.290 [Thread-0] CommunicationHandler - response: /USERS
[INFO ] 2023-09-06 23:25:43.863 [Thread-3] ConnectionHandler - SENDER / GLOBAL
[INFO ] 2023-09-06 23:25:43.876 [Thread-3] ConnectionHandler - userName:  ss, message: sss
[INFO ] 2023-09-06 23:25:43.890 [Thread-0] CommunicationHandler - response: /M
[INFO ] 2023-09-06 23:25:43.891 [Thread-0] CommunicationHandler - response: /M
[INFO ] 2023-09-06 23:25:43.894 [Thread-0] CommunicationHandler - response: /M
[INFO ] 2023-09-06 23:25:43.900 [Thread-0] Client - ss
[INFO ] 2023-09-06 23:25:43.953 [Thread-0] Client - ss
[INFO ] 2023-09-06 23:25:44.009 [Thread-0] Client - ss
[INFO ] 2023-09-06 23:25:53.075 [Thread-3] ConnectionHandler - SENDER / GLOBAL
[INFO ] 2023-09-06 23:25:53.079 [Thread-3] ConnectionHandler - userName:  ss, message: swsww
[INFO ] 2023-09-06 23:25:53.083 [Thread-0] CommunicationHandler - response: /M
[INFO ] 2023-09-06 23:25:53.084 [Thread-0] CommunicationHandler - response: /M
[INFO ] 2023-09-06 23:25:53.086 [Thread-0] CommunicationHandler - response: /M
[INFO ] 2023-09-06 23:25:53.088 [Thread-0] Client - ss
[INFO ] 2023-09-06 23:25:53.149 [Thread-0] Client - ss
[INFO ] 2023-09-06 23:25:53.160 [Thread-0] Client - ss
[INFO ] 2023-09-06 23:26:19.912 [Thread-0] ConnectionHandler - InetAddress : DESKTOP-OCNPFLI/192.168.56.1
[INFO ] 2023-09-06 23:26:23.864 [Thread-1] AuthServiceImpl - Getting user auth instance!
[INFO ] 2023-09-06 23:26:32.516 [AWT-EventQueue-0] DBConnector - Get session was successful!
[INFO ] 2023-09-06 23:26:33.325 [AWT-EventQueue-0] UserDAOMySQLImpl - User was found!
[INFO ] 2023-09-06 23:26:34.659 [AWT-EventQueue-0] Client - Connected
[INFO ] 2023-09-06 23:26:34.811 [Thread-1] Client - Open chat!
[INFO ] 2023-09-06 23:26:39.236 [Thread-0] ConnectionHandler - Connection received from DESKTOP-OCNPFLI : 63660
[INFO ] 2023-09-06 23:26:39.388 [Thread-1] ConnectionHandler - Username accepted: dd
[INFO ] 2023-09-06 23:26:39.390 [Thread-0] CommunicationHandler - response: /USERS
[INFO ] 2023-09-06 23:26:41.348 [Thread-1] AuthServiceImpl - Getting user auth instance!
[INFO ] 2023-09-06 23:26:49.785 [AWT-EventQueue-0] DBConnector - Get session was successful!
[INFO ] 2023-09-06 23:26:50.810 [AWT-EventQueue-0] UserDAOMySQLImpl - User was found!
[INFO ] 2023-09-06 23:26:52.159 [AWT-EventQueue-0] Client - Connected
[INFO ] 2023-09-06 23:26:52.286 [Thread-1] Client - Open chat!
[INFO ] 2023-09-06 23:26:56.736 [Thread-0] ConnectionHandler - Connection received from DESKTOP-OCNPFLI : 63667
[INFO ] 2023-09-06 23:26:56.738 [Thread-2] ConnectionHandler - Username accepted: ss
[INFO ] 2023-09-06 23:26:56.739 [Thread-0] CommunicationHandler - response: /USERS
[INFO ] 2023-09-06 23:26:56.740 [Thread-2] ConnectionHandler - SENDER / GLOBAL
[INFO ] 2023-09-06 23:26:56.740 [Thread-0] CommunicationHandler - response: /USERS
[INFO ] 2023-09-06 23:26:56.755 [Thread-2] ConnectionHandler - userName:  ss, message: ss
[INFO ] 2023-09-06 23:26:56.795 [Thread-0] CommunicationHandler - response: /M
[INFO ] 2023-09-06 23:26:56.796 [Thread-0] CommunicationHandler - response: /M
[INFO ] 2023-09-06 23:26:56.802 [Thread-0] Client - ss
[INFO ] 2023-09-06 23:26:56.805 [Thread-0] Client - ss
[INFO ] 2023-09-06 23:27:17.881 [Thread-2] ConnectionHandler - SENDER / dd
[INFO ] 2023-09-06 23:27:17.885 [Thread-2] ConnectionHandler - userName:  ss, message: sss
[INFO ] 2023-09-06 23:27:17.891 [Thread-0] CommunicationHandler - response: /M
[INFO ] 2023-09-06 23:38:36.868 [Thread-0] ConnectionHandler - InetAddress : DESKTOP-OCNPFLI/192.168.56.1
[INFO ] 2023-09-06 23:38:42.328 [Thread-1] AuthServiceImpl - Getting user auth instance!
[INFO ] 2023-09-06 23:38:51.568 [AWT-EventQueue-0] DBConnector - Get session was successful!
[INFO ] 2023-09-06 23:38:52.325 [AWT-EventQueue-0] UserDAOMySQLImpl - User was found!
[INFO ] 2023-09-06 23:38:54.121 [AWT-EventQueue-0] Client - Connected
[INFO ] 2023-09-06 23:38:54.203 [Thread-1] Client - Open chat!
[INFO ] 2023-09-06 23:38:58.694 [Thread-0] ConnectionHandler - Connection received from DESKTOP-OCNPFLI : 63866
[INFO ] 2023-09-06 23:38:58.769 [Thread-1] ConnectionHandler - Username accepted: dd
[INFO ] 2023-09-06 23:38:58.772 [Thread-0] CommunicationHandler - response: /USERS
[INFO ] 2023-09-06 23:38:58.773 [Thread-0] CommunicationHandler - response: /M
[WARN ] 2023-09-06 23:39:00.158 [Thread-1] ConnectionHandler - Socket was closed. U successful exit from client!
