[INFO ] 2023-09-17 01:24:16.408 [main] DBConnector - Get session was successful!
[INFO ] 2023-09-17 01:24:16.625 [main] ChatSystemHandlerDAOMySQLImpl - Create chat was successful!
[INFO ] 2023-09-17 01:24:16.629 [main] DBConnector - Get session was successful!
[INFO ] 2023-09-17 01:24:16.642 [main] ChatSystemHandlerDAOMySQLImpl - Create chat was successful!
[INFO ] 2023-09-17 01:24:16.660 [main] DBConnector - Get session was successful!
[INFO ] 2023-09-17 01:24:16.661 [main] DBConnector - Get session was successful!
[INFO ] 2023-09-17 01:24:17.152 [main] ChatSystemHandlerDAOMySQLImpl - Chat with this name `Termopasta Grizli` was existed!
[INFO ] 2023-09-17 01:24:17.156 [main] DBConnector - Get session was successful!
[INFO ] 2023-09-17 01:24:17.157 [main] DBConnector - Get session was successful!
[INFO ] 2023-09-17 01:24:17.170 [main] ChatSystemHandlerDAOMySQLImpl - Read chats was successful!
[INFO ] 2023-09-17 01:24:17.200 [main] DBConnector - Get session was successful!
[INFO ] 2023-09-17 01:24:17.211 [main] ChatSystemHandlerDAOMySQLImpl - Read chats was successful!
[INFO ] 2023-09-17 01:24:17.222 [main] DBConnector - Get session was successful!
[INFO ] 2023-09-17 01:24:17.237 [main] ChatSystemHandlerDAOMySQLImpl - Read chats was successful!
[INFO ] 2023-09-17 01:24:17.248 [main] DBConnector - Get session was successful!
[INFO ] 2023-09-17 01:24:17.270 [main] ChatSystemHandlerDAOMySQLImpl - Read chats was successful!
[INFO ] 2023-09-17 01:24:17.274 [main] DBConnector - Get session was successful!
[INFO ] 2023-09-17 01:31:16.038 [main] DBConnector - Get session was successful!
[INFO ] 2023-09-17 01:31:16.258 [main] ChatSystemHandlerDAOMySQLImpl - Create chat was successful!
[INFO ] 2023-09-17 01:31:16.264 [main] DBConnector - Get session was successful!
[INFO ] 2023-09-17 01:31:16.279 [main] ChatSystemHandlerDAOMySQLImpl - Create chat was successful!
[INFO ] 2023-09-17 01:31:16.295 [main] DBConnector - Get session was successful!
[INFO ] 2023-09-17 01:31:16.296 [main] DBConnector - Get session was successful!
[INFO ] 2023-09-17 01:31:16.797 [main] ChatSystemHandlerDAOMySQLImpl - Chat with this name `Termopasta Grizli` was existed!
[INFO ] 2023-09-17 01:31:16.800 [main] DBConnector - Get session was successful!
[INFO ] 2023-09-17 01:31:16.802 [main] DBConnector - Get session was successful!
[INFO ] 2023-09-17 01:31:16.819 [main] ChatSystemHandlerDAOMySQLImpl - Read chats was successful!
[INFO ] 2023-09-17 01:31:16.854 [main] DBConnector - Get session was successful!
[INFO ] 2023-09-17 01:31:16.864 [main] ChatSystemHandlerDAOMySQLImpl - Read chats was successful!
[INFO ] 2023-09-17 01:31:16.873 [main] DBConnector - Get session was successful!
[INFO ] 2023-09-17 01:31:16.889 [main] ChatSystemHandlerDAOMySQLImpl - Read chats was successful!
[INFO ] 2023-09-17 01:31:16.898 [main] DBConnector - Get session was successful!
[INFO ] 2023-09-17 01:31:16.923 [main] ChatSystemHandlerDAOMySQLImpl - Read chats was successful!
[INFO ] 2023-09-17 01:31:16.927 [main] DBConnector - Get session was successful!
[INFO ] 2023-09-17 01:32:27.623 [main] DBConnector - Get session was successful!
[INFO ] 2023-09-17 01:32:27.828 [main] ChatSystemHandlerDAOMySQLImpl - Create chat was successful!
[INFO ] 2023-09-17 01:32:27.831 [main] DBConnector - Get session was successful!
[INFO ] 2023-09-17 01:32:27.843 [main] ChatSystemHandlerDAOMySQLImpl - Create chat was successful!
[INFO ] 2023-09-17 01:32:27.854 [main] DBConnector - Get session was successful!
[INFO ] 2023-09-17 01:32:27.855 [main] DBConnector - Get session was successful!
[INFO ] 2023-09-17 01:32:28.357 [main] ChatSystemHandlerDAOMySQLImpl - Chat with this name `Termopasta Grizli` was existed!
[INFO ] 2023-09-17 01:32:28.360 [main] DBConnector - Get session was successful!
[INFO ] 2023-09-17 01:32:28.361 [main] DBConnector - Get session was successful!
[INFO ] 2023-09-17 01:32:28.376 [main] ChatSystemHandlerDAOMySQLImpl - Read chats was successful!
[INFO ] 2023-09-17 01:32:28.383 [main] DBConnector - Get session was successful!
[INFO ] 2023-09-17 01:32:28.396 [main] ChatSystemHandlerDAOMySQLImpl - Read chats was successful!
[INFO ] 2023-09-17 01:32:28.413 [main] DBConnector - Get session was successful!
[INFO ] 2023-09-17 01:32:28.430 [main] ChatSystemHandlerDAOMySQLImpl - Read chats was successful!
[INFO ] 2023-09-17 01:32:28.437 [main] DBConnector - Get session was successful!
[INFO ] 2023-09-17 01:32:28.461 [main] ChatSystemHandlerDAOMySQLImpl - Read chats was successful!
[INFO ] 2023-09-17 01:32:28.468 [main] DBConnector - Get session was successful!
[INFO ] 2023-09-17 01:41:05.621 [main] DBConnector - Get session was successful!
[INFO ] 2023-09-17 01:41:05.855 [main] ChatSystemHandlerDAOMySQLImpl - Create chat was successful!
[INFO ] 2023-09-17 01:41:05.860 [main] DBConnector - Get session was successful!
[INFO ] 2023-09-17 01:41:05.871 [main] ChatSystemHandlerDAOMySQLImpl - Create chat was successful!
[INFO ] 2023-09-17 01:41:05.871 [main] DBConnector - Get session was successful!
[INFO ] 2023-09-17 01:41:05.882 [main] ChatSystemHandlerDAOMySQLImpl - Create chat was successful!
[INFO ] 2023-09-17 01:41:05.895 [main] DBConnector - Get session was successful!
[INFO ] 2023-09-17 01:41:05.896 [main] DBConnector - Get session was successful!
[INFO ] 2023-09-17 01:41:06.405 [main] ChatSystemHandlerDAOMySQLImpl - Chat with this name `Termopasta Grizli` was existed!
[INFO ] 2023-09-17 01:41:06.408 [main] DBConnector - Get session was successful!
[INFO ] 2023-09-17 01:41:06.409 [main] DBConnector - Get session was successful!
[INFO ] 2023-09-17 01:41:06.426 [main] ChatSystemHandlerDAOMySQLImpl - Read chats was successful!
[INFO ] 2023-09-17 01:41:06.435 [main] DBConnector - Get session was successful!
[INFO ] 2023-09-17 01:41:06.453 [main] ChatSystemHandlerDAOMySQLImpl - Read chats was successful!
[INFO ] 2023-09-17 01:41:06.458 [main] DBConnector - Get session was successful!
[INFO ] 2023-09-17 01:41:06.476 [main] ChatSystemHandlerDAOMySQLImpl - Read chats was successful!
[INFO ] 2023-09-17 01:41:06.484 [main] DBConnector - Get session was successful!
[INFO ] 2023-09-17 01:41:06.506 [main] ChatSystemHandlerDAOMySQLImpl - Read chats was successful!
[INFO ] 2023-09-17 01:41:06.508 [main] DBConnector - Get session was successful!
[INFO ] 2023-09-17 01:47:50.645 [main] DBConnector - Get session was successful!
[INFO ] 2023-09-17 01:47:50.797 [main] MessageSystemHandlerDAOMySQLImpl - Create message in chat was successful!
[INFO ] 2023-09-17 01:47:50.816 [main] DBConnector - Get session was successful!
[INFO ] 2023-09-17 01:47:51.367 [main] MessageSystemHandlerDAOMySQLImpl - Read messages from chat was successful!
[INFO ] 2023-09-17 01:52:04.930 [main] DBConnector - Get session was successful!
[INFO ] 2023-09-17 01:52:05.061 [main] MessageSystemHandlerDAOMySQLImpl - Create message in chat was successful!
[INFO ] 2023-09-17 01:52:05.078 [main] DBConnector - Get session was successful!
[INFO ] 2023-09-17 01:52:05.630 [main] MessageSystemHandlerDAOMySQLImpl - Read messages from chat was successful!
